   4398.2297150257154       -2.2343238370581275E-015   6.2831853071793717E-002
 dt,beta=    32.366119222702295        5.0000000000000001E-003
 amp,vpp,yd0 =    9.9999999999999998E-013   0.0000000000000000        0.0000000000000000     
 peritr,ifluid=            0           0
 tor,nonlin=    1.0000000000000000                1           1
 isuni=            0 amie=    1835.4666600000000     
 kxcut,kycut,bcut=   0.32021673854373195        3.4224959999999999E-002   3000.0000000000000     
 fradi,isg=    1.0000000000000000        1.0000000000000000     
 llk,mlk,onemd =           0           1           1
 vwidth (i,e), vcut=    8.0000000000000000        8.0000000000000000        15.000000000000000     
 rneu=    0.0000000000000000     
 V-ExB switch=    0.0000000000000000     
 V-parallel switch=    0.0000000000000000     
 mm1=         2048
 pzcrite,encrit =    8.6165863958566060        1.0000000000000000     
 nue0 =    1.0000000000000000        1.0000000000000000        1.0000000000000000     
 xn0e(1),xnir0 =    1.3166811389812356        0.0000000000000000     
 frequ, eru =    0.0000000000000000        0.0000000000000000     
 lxa,lymult,delra,r0a,rina,routa=  0.85999999999999999        2.0000000000000000        5.0000000000000003E-002  0.50000000000000000        7.0000000000000007E-002  0.92999999999999994     
 a,r0,rmaj0,q0,lx,ly,lz=   179.98560115190784        89.992800575953922        500.00000000000000        1.3999999999999999        154.78761699064074        201.94337226099157        4398.2297150257100     
 t0,kyrhoi_local=   1.0000000000000000        4.4001275094251523E-002
 coefu =    0.0000000000000000     
 ktheta*rhos =    4.4001275094251523E-002
 cs/a, q0, q0p, s^hat =    3.9286852762724584E-003   1.3999999999999999        1.2134303999999999E-002  0.77999999999999992     
 rho* = rhos/a =    7.8573705525449167E-003
 f0p,psip(nr/2),Bunit,candyf0p =  -0.11925982565203744        64.884290720614601        1.0276463127443685      -0.11925982565203744     
 lxa min =   0.22893772893772898     
 t0i(nr/2)=    1.0000000000000000     
 Gyrokrs =    4.2817528315500349E-002
 totvol,jacp,dum2=   137481330.62319669        15.999999999999998        16.462151236001109     
THIS IS FOR THE RUN FILE
0   0   0   0   0   0   0   0   0   1.0413e-28   -2.01948e-28   2.27214e-28   
THIS IS FOR THE RUN FILE
32   0   0   0   0   0   0   0   0   -1.89326617253e-29   -1.51461293802e-28   1.52639998691e-28   
THIS IS FOR THE RUN FILE
64   0   0   0   0   0   0   0   0   1.26217744835e-29   0   1.26217744835e-29   
THIS IS FOR THE RUN FILE
97   0   0   0   0   6.51256038257e-31   2.62936831032e-30   0   0   1.26217744835e-28   -5.04870979341e-29   1.35940671505e-28   
THIS IS FOR THE RUN FILE
129   0   0   0   0   0   0   0   0   -3.15544362088e-30   0   3.15544362088e-30   
THIS IS FOR THE RUN FILE
161   0   0   0   0   0   0   0   0   2.8398992588e-29   0   2.8398992588e-29   
THIS IS FOR THE RUN FILE
194   0   0   0   0   6.19601780794e-34   8.59867290345e-35   0   0   4.73316543133e-29   2.52435489671e-29   5.3642541555e-29   
THIS IS FOR THE RUN FILE
226   0   0   0   0   0   0   0   0   -9.46633086265e-30   -1.26217744835e-28   1.26572234441e-28   
THIS IS FOR THE RUN FILE
258   0   0   0   0   0   0   0   0   -5.99534287968e-29   1.00974195868e-28   1.17431690168e-28   
THIS IS FOR THE RUN FILE
291   0   0   0   0   7.65288451791e-33   3.37696023962e-32   0   0   -5.3642541555e-29   2.52435489671e-29   5.92854031692e-29   
THIS IS FOR THE RUN FILE
323   0   0   0   0   0   0   0   0   6.31088724177e-30   1.00974195868e-28   1.01171218877e-28   
THIS IS FOR THE RUN FILE
356   0   0   0   0   0   0   0   0   5.67979851759e-29   0   5.67979851759e-29   
THIS IS FOR THE RUN FILE
388   0   0   0   0   -1.2490263717e-30   -4.12807557475e-30   0   0   -1.70393955528e-28   -2.52435489671e-29   1.72253699074e-28   
THIS IS FOR THE RUN FILE
420   0   0   0   0   0   0   0   0   9.78187522474e-29   -1.51461293802e-28   1.80302611771e-28   
THIS IS FOR THE RUN FILE
453   0   0   0   0   0   0   0   0   6.31088724177e-30   1.00974195868e-28   1.01171218877e-28   
THIS IS FOR THE RUN FILE
485   0   0   0   0   1.11726020694e-29   1.07687734315e-29   0   0   5.67979851759e-29   5.04870979341e-29   7.59931455978e-29   
THIS IS FOR THE RUN FILE
517   0   0   0   0   0   0   0   0   1.98792948116e-28   1.00974195868e-28   2.22967317004e-28   
THIS IS FOR THE RUN FILE
550   0   0   0   0   0   0   0   0   1.35684075698e-28   -5.04870979341e-29   1.44772633656e-28   
THIS IS FOR THE RUN FILE
582   0   0   0   0   -5.4886425752e-31   2.09021031069e-29   0   0   4.57539325028e-29   1.51461293802e-28   1.58221192828e-28   
THIS IS FOR THE RUN FILE
614   0   0   0   0   0   0   0   0   4.57539325028e-29   -2.52435489671e-29   5.22557088166e-29   
THIS IS FOR THE RUN FILE
647   0   0   0   0   0   0   0   0   -2.20881053462e-29   -7.57306469012e-29   7.88860905221e-29   
THIS IS FOR THE RUN FILE
679   0   0   0   0   1.01594307531e-30   2.36160342174e-29   0   0   -1.51461293802e-28   5.04870979341e-29   1.59654221924e-28   
THIS IS FOR THE RUN FILE
712   0   0   0   0   0   0   0   0   -7.57306469012e-29   -7.57306469012e-29   1.07099307935e-28   
THIS IS FOR THE RUN FILE
744   0   0   0   0   0   0   0   0   2.52435489671e-29   1.26217744835e-28   1.28717348775e-28   
THIS IS FOR THE RUN FILE
776   0   0   0   0   -5.78921644025e-30   1.14284932939e-29   0   0   1.26217744835e-29   0   1.26217744835e-29   
THIS IS FOR THE RUN FILE
809   0   0   0   0   0   0   0   0   1.38839519319e-28   -1.51461293802e-28   2.05467602422e-28   
THIS IS FOR THE RUN FILE
841   0   0   0   0   0   0   0   0   -2.52435489671e-29   1.51461293802e-28   1.53550513789e-28   
THIS IS FOR THE RUN FILE
873   0   0   0   0   7.37311625332e-31   2.79625249501e-30   0   0   1.7670484277e-28   -1.00974195868e-28   2.03519998254e-28   
THIS IS FOR THE RUN FILE
906   0   0   0   0   0   0   0   0   -5.04870979341e-29   1.00974195868e-28   1.12892582967e-28   
THIS IS FOR THE RUN FILE
938   0   0   0   0   0   0   0   0   -1.00974195868e-28   0   1.00974195868e-28   
THIS IS FOR THE RUN FILE
970   0   0   0   0   1.92232824825e-33   2.39761992557e-33   0   0   6.31088724177e-29   -2.52435489671e-29   6.79703357523e-29   
THIS IS FOR THE RUN FILE
1003   0   0   0   0   0   0   0   0   6.31088724177e-29   1.00974195868e-28   1.19073582331e-28   
THIS IS FOR THE RUN FILE
1035   0   0   0   0   0   0   0   0   2.52435489671e-29   0   2.52435489671e-29   
THIS IS FOR THE RUN FILE
1068   0   0   0   0   9.22615558835e-33   4.31682259496e-32   0   0   0   2.52435489671e-29   2.52435489671e-29   
THIS IS FOR THE RUN FILE
1100   0   0   0   0   0   0   0   0   -7.57306469012e-29   -2.52435489671e-29   7.98271109619e-29   
THIS IS FOR THE RUN FILE
1132   0   0   0   0   0   0   0   0   -5.04870979341e-29   7.57306469012e-29   9.10169101755e-29   
THIS IS FOR THE RUN FILE
1165   0   0   0   0   -1.14707082301e-30   -2.69011964255e-30   0   0   0   -2.52435489671e-29   2.52435489671e-29   
THIS IS FOR THE RUN FILE
1197   0   0   0   0   0   0   0   0   6.31088724177e-29   -1.51461293802e-28   1.64083068286e-28   
THIS IS FOR THE RUN FILE
1229   0   0   0   0   0   0   0   0   -7.57306469012e-29   1.00974195868e-28   1.26217744835e-28   
THIS IS FOR THE RUN FILE
1262   0   0   0   0   1.04774066844e-29   1.17948374159e-29   0   0   -5.04870979341e-29   2.52435489671e-29   5.64462914837e-29   
THIS IS FOR THE RUN FILE
1294   0   0   0   0   0   0   0   0   -1.64083068286e-28   2.27191940704e-28   2.80248873716e-28   
THIS IS FOR THE RUN FILE
1327   0   0   0   0   0   0   0   0   1.00974195868e-28   1.00974195868e-28   1.42799077247e-28   
THIS IS FOR THE RUN FILE
1359   0   0   0   0   -8.42554821237e-31   2.53148181671e-29   0   0   0   2.52435489671e-29   2.52435489671e-29   
THIS IS FOR THE RUN FILE
1391   0   0   0   0   0   0   0   0   0   5.04870979341e-29   5.04870979341e-29   
THIS IS FOR THE RUN FILE
1424   0   0   0   0   0   0   0   0   5.04870979341e-29   1.26217744835e-28   1.35940671505e-28   
THIS IS FOR THE RUN FILE
1456   0   0   0   0   8.32837050351e-31   2.68697341152e-29   0   0   0   0   0   
THIS IS FOR THE RUN FILE
1488   0   0   0   0   0   0   0   0   1.00974195868e-28   1.7670484277e-28   2.03519998254e-28   
THIS IS FOR THE RUN FILE
1521   0   0   0   0   0   0   0   0   0   0   0   
THIS IS FOR THE RUN FILE
1553   0   0   0   0   -5.50838280652e-30   1.41606879749e-29   0   0   2.27191940704e-28   1.00974195868e-28   2.48620124189e-28   
THIS IS FOR THE RUN FILE
1585   0   0   0   0   0   0   0   0   0   2.52435489671e-29   2.52435489671e-29   
THIS IS FOR THE RUN FILE
1618   0   0   0   0   0   0   0   0   0   0   0   
THIS IS FOR THE RUN FILE
1650   0   0   0   0   8.0482755974e-31   3.04212168263e-30   0   0   1.26217744835e-29   5.04870979341e-29   5.20409093783e-29   
THIS IS FOR THE RUN FILE
1683   0   0   0   0   0   0   0   0   0   0   0   
THIS IS FOR THE RUN FILE
1715   0   0   0   0   0   0   0   0   2.01948391737e-28   2.01948391737e-28   2.85598154493e-28   
THIS IS FOR THE RUN FILE
1747   0   0   0   0   2.44423227141e-33   3.73436755955e-33   0   0   2.52435489671e-29   -5.04870979341e-29   5.64462914837e-29   
THIS IS FOR THE RUN FILE
1780   0   0   0   0   0   0   0   0   -6.31088724177e-29   0   6.31088724177e-29   
THIS IS FOR THE RUN FILE
1812   0   0   0   0   0   0   0   0   -2.52435489671e-29   0   2.52435489671e-29   
THIS IS FOR THE RUN FILE
1844   0   0   0   0   1.36245009299e-32   6.59759158131e-32   0   0   1.26217744835e-29   -5.04870979341e-29   5.20409093783e-29   
THIS IS FOR THE RUN FILE
1877   0   0   0   0   0   0   0   0   0   0   0   
THIS IS FOR THE RUN FILE
1909   0   0   0   0   0   0   0   0   -5.04870979341e-29   -5.04870979341e-29   7.13995386233e-29   
THIS IS FOR THE RUN FILE
1941   0   0   0   0   -1.15747196987e-30   -2.33962140961e-30   0   0   -1.51461293802e-28   -1.26217744835e-28   1.97158420139e-28   
THIS IS FOR THE RUN FILE
1974   0   0   0   0   0   0   0   0   3.78653234506e-29   -5.04870979341e-29   6.31088724177e-29   
THIS IS FOR THE RUN FILE
2006   0   0   0   0   0   0   0   0   1.26217744835e-28   -1.51461293802e-28   1.97158420139e-28   
THIS IS FOR THE RUN FILE
2039   0   0   0   0   9.20182699584e-30   1.0104916753e-29   0   0   2.52435489671e-29   0   2.52435489671e-29   
THIS IS FOR THE RUN FILE
2071   0   0   0   0   0   0   0   0   0   0   0   
THIS IS FOR THE RUN FILE
2103   0   0   0   0   0   0   0   0   -2.52435489671e-29   0   2.52435489671e-29   
THIS IS FOR THE RUN FILE
2136   0   0   0   0   -9.82844448582e-31   2.76445102367e-29   0   0   -5.04870979341e-29   -7.57306469012e-29   9.10169101755e-29   
THIS IS FOR THE RUN FILE
2168   0   0   0   0   0   0   0   0   2.52435489671e-29   0   2.52435489671e-29   
THIS IS FOR THE RUN FILE
2200   0   0   0   0   0   0   0   0   1.13595970352e-28   5.04870979341e-29   1.24310062095e-28   
THIS IS FOR THE RUN FILE
2233   0   0   0   0   7.50989373047e-31   2.89391311419e-29   0   0   1.13595970352e-28   -7.57306469012e-29   1.36525365263e-28   
THIS IS FOR THE RUN FILE
2265   0   0   0   0   0   0   0   0   0   2.52435489671e-29   2.52435489671e-29   
THIS IS FOR THE RUN FILE
2297   0   0   0   0   0   0   0   0   0   -1.26217744835e-28   1.26217744835e-28   
THIS IS FOR THE RUN FILE
2330   0   0   0   0   -4.88508008573e-30   1.69165699855e-29   0   0   -2.52435489671e-29   -5.04870979341e-29   5.64462914837e-29   
THIS IS FOR THE RUN FILE
2362   0   0   0   0   0   0   0   0   -1.00974195868e-28   0   1.00974195868e-28   
THIS IS FOR THE RUN FILE
2395   0   0   0   0   0   0   0   0   -1.00974195868e-28   0   1.00974195868e-28   
THIS IS FOR THE RUN FILE
2427   0   0   0   0   8.01348791935e-31   3.21464320172e-30   0   0   -1.26217744835e-29   -5.04870979341e-29   5.20409093783e-29   
THIS IS FOR THE RUN FILE
2459   0   0   0   0   0   0   0   0   2.52435489671e-29   0   2.52435489671e-29   
THIS IS FOR THE RUN FILE
2492   0   0   0   0   0   0   0   0   -2.52435489671e-29   0   2.52435489671e-29   
THIS IS FOR THE RUN FILE
2524   0   0   0   0   2.79755489916e-33   4.99217369232e-33   0   0   3.78653234506e-29   0   3.78653234506e-29   
THIS IS FOR THE RUN FILE
2556   0   0   0   0   0   0   0   0   -2.27191940704e-28   1.00974195868e-28   2.48620124189e-28   
THIS IS FOR THE RUN FILE
2589   0   0   0   0   0   0   0   0   -1.00974195868e-28   1.51461293802e-28   1.82033820351e-28   
THIS IS FOR THE RUN FILE
2621   0   0   0   0   1.25607931424e-32   5.89573048394e-32   0   0   -1.51461293802e-28   0   1.51461293802e-28   
THIS IS FOR THE RUN FILE
2654   0   0   0   0   0   0   0   0   1.26217744835e-29   0   1.26217744835e-29   
THIS IS FOR THE RUN FILE
2686   0   0   0   0   0   0   0   0   2.52435489671e-29   0   2.52435489671e-29   
THIS IS FOR THE RUN FILE
2718   0   0   0   0   -1.25060945276e-30   -1.99066039698e-30   0   0   -6.31088724177e-29   0   6.31088724177e-29   
THIS IS FOR THE RUN FILE
2751   0   0   0   0   0   0   0   0   -2.52435489671e-29   -1.00974195868e-28   1.04081818757e-28   
THIS IS FOR THE RUN FILE
2783   0   0   0   0   0   0   0   0   5.04870979341e-29   7.57306469012e-29   9.10169101755e-29   
THIS IS FOR THE RUN FILE
2815   0   0   0   0   8.04464068727e-30   8.22454511165e-30   0   0   0   -2.52435489671e-29   2.52435489671e-29   
THIS IS FOR THE RUN FILE
2848   0   0   0   0   0   0   0   0   2.52435489671e-29   0   2.52435489671e-29   
THIS IS FOR THE RUN FILE
2880   0   0   0   0   0   0   0   0   2.52435489671e-29   5.04870979341e-29   5.64462914837e-29   
THIS IS FOR THE RUN FILE
2912   0   0   0   0   -2.43412772316e-31   3.07306712805e-29   0   0   -5.04870979341e-29   2.52435489671e-29   5.64462914837e-29   
THIS IS FOR THE RUN FILE
2945   0   0   0   0   0   0   0   0   2.52435489671e-29   7.57306469012e-29   7.98271109619e-29   
THIS IS FOR THE RUN FILE
2977   0   0   0   0   0   0   0   0   1.00974195868e-28   7.57306469012e-29   1.26217744835e-28   
THIS IS FOR THE RUN FILE
3010   0   0   0   0   8.39058916119e-31   3.02688169523e-29   0   0   -5.04870979341e-29   -7.57306469012e-29   9.10169101755e-29   
THIS IS FOR THE RUN FILE
3042   0   0   0   0   0   0   0   0   5.04870979341e-29   7.57306469012e-29   9.10169101755e-29   
THIS IS FOR THE RUN FILE
3074   0   0   0   0   0   0   0   0   -2.52435489671e-29   -2.52435489671e-29   3.56997693117e-29   
THIS IS FOR THE RUN FILE
3107   0   0   0   0   -4.2461866608e-30   1.9136086245e-29   0   0   -5.04870979341e-29   5.04870979341e-29   7.13995386233e-29   
THIS IS FOR THE RUN FILE
3139   0   0   0   0   0   0   0   0   5.04870979341e-29   2.52435489671e-29   5.64462914837e-29   
THIS IS FOR THE RUN FILE
3171   0   0   0   0   0   0   0   0   0   0   0   
THIS IS FOR THE RUN FILE
3204   0   0   0   0   3.88714905197e-31   2.46559700254e-30   0   0   7.57306469012e-29   -5.04870979341e-29   9.10169101755e-29   
THIS IS FOR THE RUN FILE
3236   0   0   0   0   0   0   0   0   -5.04870979341e-29   5.04870979341e-29   7.13995386233e-29   
THIS IS FOR THE RUN FILE
3268   0   0   0   0   0   0   0   0   0   2.52435489671e-29   2.52435489671e-29   
THIS IS FOR THE RUN FILE
3301   0   0   0   0   2.99881616051e-33   5.92419438061e-33   0   0   -1.00974195868e-28   -2.52435489671e-29   1.04081818757e-28   
THIS IS FOR THE RUN FILE
3333   0   0   0   0   0   0   0   0   -2.52435489671e-29   1.26217744835e-28   1.28717348775e-28   
THIS IS FOR THE RUN FILE
3366   0   0   0   0   0   0   0   0   -2.52435489671e-29   1.51461293802e-28   1.53550513789e-28   
THIS IS FOR THE RUN FILE
3398   0   0   0   0   1.5790457445e-32   7.82494288275e-32   0   0   0   0   0   
THIS IS FOR THE RUN FILE
3430   0   0   0   0   0   0   0   0   3.78653234506e-29   5.04870979341e-29   6.31088724177e-29   
THIS IS FOR THE RUN FILE
3463   0   0   0   0   0   0   0   0   1.00974195868e-28   -2.52435489671e-29   1.04081818757e-28   
THIS IS FOR THE RUN FILE
3495   0   0   0   0   -1.00944028993e-30   -1.97557344654e-31   0   0   1.26217744835e-29   2.52435489671e-29   2.82231457419e-29   
THIS IS FOR THE RUN FILE
3527   0   0   0   0   0   0   0   0   0   7.57306469012e-29   7.57306469012e-29   
THIS IS FOR THE RUN FILE
3560   0   0   0   0   0   0   0   0   0   -2.52435489671e-29   2.52435489671e-29   
THIS IS FOR THE RUN FILE
3592   0   0   0   0   8.48024781098e-30   1.08416110792e-29   0   0   0   -5.04870979341e-29   5.04870979341e-29   
THIS IS FOR THE RUN FILE
3625   0   0   0   0   0   0   0   0   7.57306469012e-29   7.57306469012e-29   1.07099307935e-28   
THIS IS FOR THE RUN FILE
3657   0   0   0   0   0   0   0   0   -5.04870979341e-29   2.52435489671e-29   5.64462914837e-29   
THIS IS FOR THE RUN FILE
3689   0   0   0   0   -3.8026132902e-31   3.0752535751e-29   0   0   1.00974195868e-28   -2.52435489671e-29   1.04081818757e-28   
THIS IS FOR THE RUN FILE
3722   0   0   0   0   0   0   0   0   0   0   0   
THIS IS FOR THE RUN FILE
3754   0   0   0   0   0   0   0   0   -5.04870979341e-29   -1.00974195868e-28   1.12892582967e-28   
THIS IS FOR THE RUN FILE
3786   0   0   0   0   8.7166914814e-31   2.96206327082e-29   0   0   0   0   0   
THIS IS FOR THE RUN FILE
3819   0   0   0   0   0   0   0   0   0   2.52435489671e-29   2.52435489671e-29   
THIS IS FOR THE RUN FILE
3851   0   0   0   0   0   0   0   0   -1.00974195868e-28   -1.00974195868e-28   1.42799077247e-28   
THIS IS FOR THE RUN FILE
3883   0   0   0   0   -4.33597938073e-30   1.80230573933e-29   0   0   -2.52435489671e-29   1.00974195868e-28   1.04081818757e-28   
THIS IS FOR THE RUN FILE
3916   0   0   0   0   0   0   0   0   -7.57306469012e-29   -2.52435489671e-29   7.98271109619e-29   
THIS IS FOR THE RUN FILE
3948   0   0   0   0   0   0   0   0   1.51461293802e-28   5.04870979341e-29   1.59654221924e-28   
THIS IS FOR THE RUN FILE
3981   0   0   0   0   5.84808768376e-31   2.71732577568e-30   0   0   7.57306469012e-29   5.04870979341e-29   9.10169101755e-29   
THIS IS FOR THE RUN FILE
4013   0   0   0   0   0   0   0   0   7.57306469012e-29   -5.04870979341e-29   9.10169101755e-29   
THIS IS FOR THE RUN FILE
4045   0   0   0   0   0   0   0   0   -1.7670484277e-28   1.00974195868e-28   2.03519998254e-28   
THIS IS FOR THE RUN FILE
4078   0   0   0   0   4.31217808222e-33   9.06508501474e-33   0   0   0   0   0   
THIS IS FOR THE RUN FILE
4110   0   0   0   0   0   0   0   0   -7.57306469012e-29   -5.04870979341e-29   9.10169101755e-29   
THIS IS FOR THE RUN FILE
4142   0   0   0   0   0   0   0   0   0   -7.57306469012e-29   7.57306469012e-29   
THIS IS FOR THE RUN FILE
4175   0   0   0   0   1.03973604528e-32   5.13894604934e-32   0   0   0   -7.57306469012e-29   7.57306469012e-29   
THIS IS FOR THE RUN FILE
4207   0   0   0   0   0   0   0   0   -2.52435489671e-29   -1.26217744835e-29   2.82231457419e-29   
THIS IS FOR THE RUN FILE
4239   0   0   0   0   0   0   0   0   -1.00974195868e-28   -3.78653234506e-29   1.0784048846e-28   
THIS IS FOR THE RUN FILE
4272   0   0   0   0   -1.00523057678e-30   2.72994373347e-31   0   0   -2.52435489671e-29   -2.52435489671e-29   3.56997693117e-29   
THIS IS FOR THE RUN FILE
4304   0   0   0   0   0   0   0   0   -5.04870979341e-29   8.83524213848e-29   1.01759999127e-28   
THIS IS FOR THE RUN FILE
4337   0   0   0   0   0   0   0   0   1.00974195868e-28   -3.78653234506e-29   1.0784048846e-28   
THIS IS FOR THE RUN FILE
4369   0   0   0   0   7.80089806141e-30   1.14861223416e-29   0   0   -1.26217744835e-28   5.04870979341e-29   1.35940671505e-28   
THIS IS FOR THE RUN FILE
4401   0   0   0   0   0   0   0   0   -1.26217744835e-28   -1.00974195868e-28   1.6163758023e-28   
THIS IS FOR THE RUN FILE
4434   0   0   0   0   0   0   0   0   1.00974195868e-28   1.26217744835e-28   1.6163758023e-28   
THIS IS FOR THE RUN FILE
4466   0   0   0   0   -2.25634719949e-30   3.26378657934e-29   0   0   1.51461293802e-28   2.52435489671e-29   1.53550513789e-28   
THIS IS FOR THE RUN FILE
4498   0   0   0   0   0   0   0   0   5.04870979341e-29   -8.83524213848e-29   1.01759999127e-28   
THIS IS FOR THE RUN FILE
4531   0   0   0   0   0   0   0   0   -1.51461293802e-28   3.78653234506e-29   1.56122728135e-28   
THIS IS FOR THE RUN FILE
4563   0   0   0   0   2.81690257628e-31   3.41070159691e-29   0   0   0   1.26217744835e-29   1.26217744835e-29   
THIS IS FOR THE RUN FILE
4595   0   0   0   0   0   0   0   0   0   1.26217744835e-29   1.26217744835e-29   
THIS IS FOR THE RUN FILE
4628   0   0   0   0   0   0   0   0   -7.57306469012e-29   5.04870979341e-29   9.10169101755e-29   
THIS IS FOR THE RUN FILE
4660   0   0   0   0   -4.40910752363e-30   2.16055956706e-29   0   0   0   -2.52435489671e-29   2.52435489671e-29   
THIS IS FOR THE RUN FILE
4693   0   0   0   0   0   0   0   0   -5.04870979341e-29   1.26217744835e-29   5.20409093783e-29   
THIS IS FOR THE RUN FILE
4725   0   0   0   0   0   0   0   0   0   -3.15544362088e-29   3.15544362088e-29   
THIS IS FOR THE RUN FILE
4757   0   0   0   0   1.23832394106e-30   4.87381912974e-30   0   0   5.04870979341e-29   0   5.04870979341e-29   
THIS IS FOR THE RUN FILE
4790   0   0   0   0   0   0   0   0   0   2.52435489671e-29   2.52435489671e-29   
THIS IS FOR THE RUN FILE
4822   0   0   0   0   0   0   0   0   1.26217744835e-28   -4.41762106924e-29   1.3372530315e-28   
THIS IS FOR THE RUN FILE
4854   0   0   0   0   4.52123866411e-33   1.05227849635e-32   0   0   -1.00974195868e-28   -1.26217744835e-29   1.01759999127e-28   
THIS IS FOR THE RUN FILE
4887   0   0   0   0   0   0   0   0   -5.04870979341e-29   2.52435489671e-29   5.64462914837e-29   
THIS IS FOR THE RUN FILE
4919   0   0   0   0   0   0   0   0   0   -3.78653234506e-29   3.78653234506e-29   
THIS IS FOR THE RUN FILE
4952   0   0   0   0   6.08671669283e-33   3.40406204063e-32   0   0   7.57306469012e-29   -7.57306469012e-29   1.07099307935e-28   
THIS IS FOR THE RUN FILE
4984   0   0   0   0   0   0   0   0   -5.04870979341e-29   -2.52435489671e-29   5.64462914837e-29   
THIS IS FOR THE RUN FILE
5016   0   0   0   0   0   0   0   0   -5.04870979341e-29   -1.26217744835e-28   1.35940671505e-28   
THIS IS FOR THE RUN FILE
5049   0   0   0   0   -1.02650105306e-30   9.88539139972e-31   0   0   5.04870979341e-29   2.52435489671e-29   5.64462914837e-29   
THIS IS FOR THE RUN FILE
5081   0   0   0   0   0   0   0   0   5.04870979341e-29   -6.31088724177e-30   5.08799995636e-29   
THIS IS FOR THE RUN FILE
5113   0   0   0   0   0   0   0   0   -5.04870979341e-29   -5.67979851759e-29   7.59931455978e-29   
THIS IS FOR THE RUN FILE
5146   0   0   0   0   7.93298766465e-30   1.35781342061e-29   0   0   -2.52435489671e-29   -5.04870979341e-29   5.64462914837e-29   
THIS IS FOR THE RUN FILE
5178   0   0   0   0   0   0   0   0   5.04870979341e-29   0   5.04870979341e-29   
THIS IS FOR THE RUN FILE
5210   0   0   0   0   0   0   0   0   0   -1.89326617253e-29   1.89326617253e-29   
THIS IS FOR THE RUN FILE
5243   0   0   0   0   -2.18653694057e-30   3.37763516831e-29   0   0   0   3.78653234506e-29   3.78653234506e-29   
THIS IS FOR THE RUN FILE
5275   0   0   0   0   0   0   0   0   -2.52435489671e-29   6.31088724177e-30   2.60204546892e-29   
THIS IS FOR THE RUN FILE
5308   0   0   0   0   0   0   0   0   0   -3.15544362088e-29   3.15544362088e-29   
THIS IS FOR THE RUN FILE
5340   0   0   0   0   1.8272814159e-31   3.45618825189e-29   0   0   2.52435489671e-29   -3.78653234506e-29   4.55084550877e-29   
THIS IS FOR THE RUN FILE
5372   0   0   0   0   0   0   0   0   -5.04870979341e-29   -4.41762106924e-29   6.70856515877e-29   
THIS IS FOR THE RUN FILE
5405   0   0   0   0   0   0   0   0   0   8.2041534143e-29   8.2041534143e-29   
THIS IS FOR THE RUN FILE
5437   0   0   0   0   -4.57455265599e-30   2.11627155388e-29   0   0   0   1.26217744835e-29   1.26217744835e-29   
THIS IS FOR THE RUN FILE
5469   0   0   0   0   0   0   0   0   2.52435489671e-29   3.15544362088e-30   2.54399997818e-29   
THIS IS FOR THE RUN FILE
5502   0   0   0   0   0   0   0   0   2.52435489671e-29   1.29373188456e-28   1.31812968466e-28   
THIS IS FOR THE RUN FILE
5534   0   0   0   0   1.12879626337e-30   4.84547853707e-30   0   0   0   -1.26217744835e-29   1.26217744835e-29   
THIS IS FOR THE RUN FILE
5566   0   0   0   0   0   0   0   0   -2.52435489671e-29   6.94197596594e-29   7.38670413353e-29   
THIS IS FOR THE RUN FILE
5599   0   0   0   0   0   0   0   0   -2.52435489671e-29   0   2.52435489671e-29   
THIS IS FOR THE RUN FILE
5631   0   0   0   0   5.14565186206e-33   1.29704840685e-32   0   0   -2.52435489671e-29   -1.64083068286e-28   1.66013523734e-28   
THIS IS FOR THE RUN FILE
5664   0   0   0   0   0   0   0   0   1.00974195868e-28   1.26217744835e-29   1.01759999127e-28   
THIS IS FOR THE RUN FILE
5696   0   0   0   0   0   0   0   0   -1.51461293802e-28   1.19906857594e-28   1.93179134531e-28   
THIS IS FOR THE RUN FILE
5728   0   0   0   0   9.79242927725e-33   5.20610620195e-32   0   0   5.04870979341e-29   -1.0728508311e-28   1.18570806338e-28   
THIS IS FOR THE RUN FILE
5761   0   0   0   0   0   0   0   0   5.04870979341e-29   -6.94197596594e-29   8.58373467029e-29   
THIS IS FOR THE RUN FILE
5793   0   0   0   0   0   0   0   0   2.52435489671e-29   2.52435489671e-29   3.56997693117e-29   
THIS IS FOR THE RUN FILE
5825   0   0   0   0   -9.51789487936e-31   1.71257388664e-30   0   0   0   1.26217744835e-29   1.26217744835e-29   
THIS IS FOR THE RUN FILE
5858   0   0   0   0   0   0   0   0   0   3.78653234506e-29   3.78653234506e-29   
THIS IS FOR THE RUN FILE
5890   0   0   0   0   0   0   0   0   -5.04870979341e-29   -6.31088724177e-29   8.08187901149e-29   
THIS IS FOR THE RUN FILE
5922   0   0   0   0   1.30727237582e-29   2.80554221977e-29   0   0   0   1.26217744835e-29   1.26217744835e-29   
THIS IS FOR THE RUN FILE
5955   0   0   0   0   0   0   0   0   -2.52435489671e-29   -1.19906857594e-28   1.22535265383e-28   
THIS IS FOR THE RUN FILE
5987   0   0   0   0   0   0   0   0   1.00974195868e-28   1.83015730011e-28   2.09022835266e-28   
THIS IS FOR THE RUN FILE
6020   0   0   0   0   -1.94804507729e-30   3.75488803271e-29   0   0   7.57306469012e-29   0   7.57306469012e-29   
THIS IS FOR THE RUN FILE
6052   0   0   0   0   0   0   0   0   5.04870979341e-29   -1.26217744835e-29   5.20409093783e-29   
THIS IS FOR THE RUN FILE
6084   0   0   0   0   0   0   0   0   3.78653234506e-29   3.78653234506e-29   5.35496539675e-29   
THIS IS FOR THE RUN FILE
6117   0   0   0   0   3.19989271406e-31   3.73722174495e-29   0   0   0   2.52435489671e-29   2.52435489671e-29   
THIS IS FOR THE RUN FILE
6149   0   0   0   0   0   0   0   0   -2.52435489671e-29   -1.26217744835e-29   2.82231457419e-29   
THIS IS FOR THE RUN FILE
6181   0   0   0   0   0   0   0   0   0   -3.78653234506e-29   3.78653234506e-29   
THIS IS FOR THE RUN FILE
6214   0   0   0   0   -7.2207043577e-30   1.5899089687e-29   0   0   -5.04870979341e-29   -3.78653234506e-29   6.31088724177e-29   
THIS IS FOR THE RUN FILE
6246   0   0   0   0   0   0   0   0   7.57306469012e-29   7.57306469012e-29   1.07099307935e-28   
THIS IS FOR THE RUN FILE
6279   0   0   0   0   0   0   0   0   5.04870979341e-29   -1.26217744835e-29   5.20409093783e-29   
THIS IS FOR THE RUN FILE
6311   0   0   0   0   1.20531100094e-30   5.12979397158e-30   0   0   7.57306469012e-29   3.78653234506e-29   8.46694372256e-29   
THIS IS FOR THE RUN FILE
6343   0   0   0   0   0   0   0   0   -1.26217744835e-29   -3.78653234506e-29   3.9913555481e-29   
THIS IS FOR THE RUN FILE
6376   0   0   0   0   0   0   0   0   -6.31088724177e-29   2.52435489671e-29   6.79703357523e-29   
THIS IS FOR THE RUN FILE
6408   0   0   0   0   5.78749850412e-33   1.45573629671e-32   0   0   -1.26217744835e-29   -1.38839519319e-28   1.39412055848e-28   
THIS IS FOR THE RUN FILE
6440   0   0   0   0   0   0   0   0   -1.26217744835e-29   -1.26217744835e-29   1.78498846558e-29   
THIS IS FOR THE RUN FILE
6473   0   0   0   0   0   0   0   0   2.52435489671e-29   8.83524213848e-29   9.18879052379e-29   
THIS IS FOR THE RUN FILE
6505   0   0   0   0   1.94710618488e-32   8.49672504605e-32   0   0   -3.78653234506e-29   -1.26217744835e-29   3.9913555481e-29   
THIS IS FOR THE RUN FILE
6537   0   0   0   0   0   0   0   0   1.51461293802e-28   1.26217744835e-29   1.51986291196e-28   
THIS IS FOR THE RUN FILE
6570   0   0   0   0   0   0   0   0   -5.04870979341e-29   -3.78653234506e-29   6.31088724177e-29   
THIS IS FOR THE RUN FILE
6602   0   0   0   0   -9.39342704316e-31   3.21822646821e-30   0   0   -8.83524213848e-29   -1.89326617253e-29   9.03581542781e-29   
THIS IS FOR THE RUN FILE
6635   0   0   0   0   0   0   0   0   0   6.31088724177e-30   6.31088724177e-30   
THIS IS FOR THE RUN FILE
6667   0   0   0   0   0   0   0   0   -1.26217744835e-29   8.83524213848e-29   8.92494232792e-29   
THIS IS FOR THE RUN FILE
6699   0   0   0   0   1.24336160021e-29   2.95403733973e-29   0   0   2.52435489671e-29   1.57772181044e-28   1.597789031e-28   
THIS IS FOR THE RUN FILE
6732   0   0   0   0   0   0   0   0   1.26217744835e-28   2.52435489671e-29   1.28717348775e-28   
THIS IS FOR THE RUN FILE
6764   0   0   0   0   0   0   0   0   1.38839519319e-28   -6.31088724177e-29   1.52509481353e-28   
THIS IS FOR THE RUN FILE
6796   0   0   0   0   -2.15138523271e-30   4.07958667656e-29   0   0   -7.57306469012e-29   -1.00974195868e-28   1.26217744835e-28   
THIS IS FOR THE RUN FILE
6829   0   0   0   0   0   0   0   0   -6.31088724177e-29   8.83524213848e-29   1.08576609555e-28   
THIS IS FOR THE RUN FILE
6861   0   0   0   0   0   0   0   0   -2.52435489671e-29   0   2.52435489671e-29   
THIS IS FOR THE RUN FILE
6893   0   0   0   0   1.7088863092e-31   3.94305186155e-29   0   0   -1.26217744835e-29   0   1.26217744835e-29   
THIS IS FOR THE RUN FILE
6926   0   0   0   0   0   0   0   0   2.52435489671e-29   1.26217744835e-28   1.28717348775e-28   
THIS IS FOR THE RUN FILE
6958   0   0   0   0   0   0   0   0   -5.04870979341e-29   0   5.04870979341e-29   
THIS IS FOR THE RUN FILE
6991   0   0   0   0   -6.98550416362e-30   1.74462603972e-29   0   0   0   2.52435489671e-29   2.52435489671e-29   
THIS IS FOR THE RUN FILE
7023   0   0   0   0   0   0   0   0   -8.83524213848e-29   1.51461293802e-28   1.7534729506e-28   
THIS IS FOR THE RUN FILE
7055   0   0   0   0   0   0   0   0   1.26217744835e-29   -2.52435489671e-29   2.82231457419e-29   
THIS IS FOR THE RUN FILE
7088   0   0   0   0   1.21139215714e-30   5.25584184559e-30   0   0   0   0   0   
THIS IS FOR THE RUN FILE
7120   0   0   0   0   0   0   0   0   -5.67979851759e-29   -3.78653234506e-29   6.82626826316e-29   
THIS IS FOR THE RUN FILE
7152   0   0   0   0   0   0   0   0   -3.78653234506e-29   2.52435489671e-29   4.55084550877e-29   
THIS IS FOR THE RUN FILE
7185   0   0   0   0   7.16618227977e-33   1.79899919788e-32   0   0   -2.52435489671e-29   7.57306469012e-29   7.98271109619e-29   
THIS IS FOR THE RUN FILE
7217   0   0   0   0   0   0   0   0   6.31088724177e-29   2.52435489671e-29   6.79703357523e-29   
THIS IS FOR THE RUN FILE
7250   0   0   0   0   0   0   0   0   -6.31088724177e-30   -2.52435489671e-29   2.60204546892e-29   
THIS IS FOR THE RUN FILE
7282   0   0   0   0   2.2371791775e-32   1.04143989781e-31   0   0   0   -2.52435489671e-29   2.52435489671e-29   
THIS IS FOR THE RUN FILE
7314   0   0   0   0   0   0   0   0   1.89326617253e-29   -1.38839519319e-28   1.40124436858e-28   
THIS IS FOR THE RUN FILE
7347   0   0   0   0   0   0   0   0   -9.46633086265e-29   0   9.46633086265e-29   
THIS IS FOR THE RUN FILE
7379   0   0   0   0   -7.94461337842e-31   4.22797969861e-30   0   0   1.38839519319e-28   7.57306469012e-29   1.58150380982e-28   
THIS IS FOR THE RUN FILE
7411   0   0   0   0   0   0   0   0   2.52435489671e-29   1.7670484277e-28   1.78498846558e-28   
THIS IS FOR THE RUN FILE
7444   0   0   0   0   0   0   0   0   3.78653234506e-29   5.04870979341e-29   6.31088724177e-29   
THIS IS FOR THE RUN FILE
7476   0   0   0   0   1.44566709834e-29   3.58626155944e-29   0   0   -3.78653234506e-29   -5.04870979341e-29   6.31088724177e-29   
THIS IS FOR THE RUN FILE
7508   0   0   0   0   0   0   0   0   -6.31088724177e-29   5.04870979341e-29   8.08187901149e-29   
THIS IS FOR THE RUN FILE
7541   0   0   0   0   0   0   0   0   -3.78653234506e-29   -1.00974195868e-28   1.0784048846e-28   
THIS IS FOR THE RUN FILE
7573   0   0   0   0   -2.14050474005e-30   4.44046880884e-29   0   0   0   -1.00974195868e-28   1.00974195868e-28   
THIS IS FOR THE RUN FILE
7606   0   0   0   0   0   0   0   0   0   0   0   
THIS IS FOR THE RUN FILE
7638   0   0   0   0   0   0   0   0   6.31088724177e-29   2.52435489671e-29   6.79703357523e-29   
THIS IS FOR THE RUN FILE
7670   0   0   0   0   7.79237605965e-32   4.19038703667e-29   0   0   0   0   0   
THIS IS FOR THE RUN FILE
7703   0   0   0   0   0   0   0   0   3.78653234506e-29   -2.52435489671e-29   4.55084550877e-29   
THIS IS FOR THE RUN FILE
7735   0   0   0   0   0   0   0   0   -1.26217744835e-29   -1.00974195868e-28   1.01759999127e-28   
THIS IS FOR THE RUN FILE
7767   0   0   0   0   -8.09349736901e-30   1.64674656767e-29   0   0   -5.04870979341e-29   0   5.04870979341e-29   
THIS IS FOR THE RUN FILE
7800   0   0   0   0   0   0   0   0   0   0   0   
THIS IS FOR THE RUN FILE
7832   0   0   0   0   0   0   0   0   -5.04870979341e-29   5.04870979341e-29   7.13995386233e-29   
THIS IS FOR THE RUN FILE
7864   0   0   0   0   1.23101531269e-30   5.36365429474e-30   0   0   0   0   0   
THIS IS FOR THE RUN FILE
7897   0   0   0   0   0   0   0   0   0   0   0   
THIS IS FOR THE RUN FILE
7929   0   0   0   0   0   0   0   0   5.04870979341e-29   2.52435489671e-29   5.64462914837e-29   
THIS IS FOR THE RUN FILE
7962   0   0   0   0   7.37548142143e-33   1.91849776036e-32   0   0   -8.83524213848e-29   2.52435489671e-29   9.18879052379e-29   
THIS IS FOR THE RUN FILE
7994   0   0   0   0   0   0   0   0   3.78653234506e-29   -5.04870979341e-29   6.31088724177e-29   
THIS IS FOR THE RUN FILE
8026   0   0   0   0   0   0   0   0   0   2.52435489671e-29   2.52435489671e-29   
THIS IS FOR THE RUN FILE
8059   0   0   0   0   1.99069967565e-32   1.11059733452e-31   0   0   2.52435489671e-29   0   2.52435489671e-29   
THIS IS FOR THE RUN FILE
8091   0   0   0   0   0   0   0   0   3.78653234506e-29   -1.00974195868e-28   1.0784048846e-28   
THIS IS FOR THE RUN FILE
8123   0   0   0   0   0   0   0   0   3.15544362088e-29   5.04870979341e-29   5.95367911654e-29   
THIS IS FOR THE RUN FILE
8156   0   0   0   0   -1.04194165476e-30   2.61512623786e-30   0   0   -7.57306469012e-29   -5.04870979341e-29   9.10169101755e-29   
THIS IS FOR THE RUN FILE
8188   0   0   0   0   0   0   0   0   -6.31088724177e-30   0   6.31088724177e-30   
THIS IS FOR THE RUN FILE
8220   0   0   0   0   0   0   0   0   1.57772181044e-28   -2.52435489671e-29   1.597789031e-28   
THIS IS FOR THE RUN FILE
8253   0   0   0   0   1.43257373725e-29   3.93327614094e-29   0   0   -2.52435489671e-29   0   2.52435489671e-29   
THIS IS FOR THE RUN FILE
8285   0   0   0   0   0   0   0   0   1.38839519319e-28   2.52435489671e-29   1.41115728709e-28   
THIS IS FOR THE RUN FILE
8318   0   0   0   0   0   0   0   0   2.52435489671e-29   0   2.52435489671e-29   
THIS IS FOR THE RUN FILE
8350   0   0   0   0   -2.27509522028e-30   4.68346424529e-29   0   0   -3.78653234506e-29   -1.26217744835e-28   1.31775194294e-28   
THIS IS FOR THE RUN FILE
8382   0   0   0   0   0   0   0   0   -6.94197596594e-29   0   6.94197596594e-29   
THIS IS FOR THE RUN FILE
8415   0   0   0   0   0   0   0   0   -3.78653234506e-29   -2.52435489671e-29   4.55084550877e-29   
THIS IS FOR THE RUN FILE
8447   0   0   0   0   3.50173814725e-31   4.53662033899e-29   0   0   3.78653234506e-29   0   3.78653234506e-29   
THIS IS FOR THE RUN FILE
8479   0   0   0   0   0   0   0   0   -6.31088724177e-30   0   6.31088724177e-30   
THIS IS FOR THE RUN FILE
8512   0   0   0   0   0   0   0   0   -1.89326617253e-29   2.52435489671e-29   3.15544362088e-29   
THIS IS FOR THE RUN FILE
8544   0   0   0   0   -7.9076504755e-30   1.66566110487e-29   0   0   0   0   0   
THIS IS FOR THE RUN FILE
8577   0   0   0   0   0   0   0   0   -3.15544362088e-29   -5.04870979341e-29   5.95367911654e-29   
THIS IS FOR THE RUN FILE
8609   0   0   0   0   0   0   0   0   5.67979851759e-29   2.52435489671e-29   6.21550310473e-29   
THIS IS FOR THE RUN FILE
8641   0   0   0   0   1.39863446681e-30   5.79613528077e-30   0   0   -1.70393955528e-28   -5.04870979341e-29   1.777161983e-28   
THIS IS FOR THE RUN FILE
8674   0   0   0   0   0   0   0   0   -1.89326617253e-29   -7.57306469012e-29   7.80613640675e-29   
THIS IS FOR THE RUN FILE
8706   0   0   0   0   0   0   0   0   -1.26217744835e-29   0   1.26217744835e-29   
THIS IS FOR THE RUN FILE
8738   0   0   0   0   7.42845040339e-33   1.96112723262e-32   0   0   -5.04870979341e-29   -2.52435489671e-29   5.64462914837e-29   
THIS IS FOR THE RUN FILE
8771   0   0   0   0   0   0   0   0   -1.26217744835e-29   -1.00974195868e-28   1.01759999127e-28   
THIS IS FOR THE RUN FILE
8803   0   0   0   0   0   0   0   0   0   0   0   
THIS IS FOR THE RUN FILE
8835   0   0   0   0   1.08549850218e-32   6.99500312859e-32   0   0   -8.83524213848e-29   0   8.83524213848e-29   
THIS IS FOR THE RUN FILE
8868   0   0   0   0   0   0   0   0   0   0   0   
THIS IS FOR THE RUN FILE
8900   0   0   0   0   0   0   0   0   1.26217744835e-29   2.52435489671e-29   2.82231457419e-29   
THIS IS FOR THE RUN FILE
8933   0   0   0   0   -1.18934093787e-30   1.85937427203e-30   0   0   1.26217744835e-29   0   1.26217744835e-29   
THIS IS FOR THE RUN FILE
8965   0   0   0   0   0   0   0   0   -6.31088724177e-29   0   6.31088724177e-29   
THIS IS FOR THE RUN FILE
8997   0   0   0   0   0   0   0   0   -1.26217744835e-29   5.04870979341e-29   5.20409093783e-29   
THIS IS FOR THE RUN FILE
9030   0   0   0   0   1.43414725548e-29   4.31144268386e-29   0   0   0   -5.04870979341e-29   5.04870979341e-29   
THIS IS FOR THE RUN FILE
9062   0   0   0   0   0   0   0   0   0   0   0   
THIS IS FOR THE RUN FILE
9094   0   0   0   0   0   0   0   0   -5.04870979341e-29   0   5.04870979341e-29   
THIS IS FOR THE RUN FILE
9127   0   0   0   0   -3.03898514447e-30   4.95746443779e-29   0   0   0   -5.04870979341e-29   5.04870979341e-29   
THIS IS FOR THE RUN FILE
9159   0   0   0   0   0   0   0   0   0   0   0   
THIS IS FOR THE RUN FILE
9191   0   0   0   0   0   0   0   0   0   5.04870979341e-29   5.04870979341e-29   
THIS IS FOR THE RUN FILE
9224   0   0   0   0   3.74112964073e-31   4.91072618228e-29   0   0   5.04870979341e-29   5.04870979341e-29   7.13995386233e-29   
THIS IS FOR THE RUN FILE
9256   0   0   0   0   0   0   0   0   -6.31088724177e-29   2.52435489671e-29   6.79703357523e-29   
THIS IS FOR THE RUN FILE
9289   0   0   0   0   0   0   0   0   2.52435489671e-29   0   2.52435489671e-29   
THIS IS FOR THE RUN FILE
9321   0   0   0   0   -7.94089351217e-30   1.73258987976e-29   0   0   0   -5.04870979341e-29   5.04870979341e-29   
THIS IS FOR THE RUN FILE
9353   0   0   0   0   0   0   0   0   -6.31088724177e-29   2.52435489671e-29   6.79703357523e-29   
THIS IS FOR THE RUN FILE
9386   0   0   0   0   0   0   0   0   0   0   0   
THIS IS FOR THE RUN FILE
9418   0   0   0   0   1.79938182818e-30   6.59122638447e-30   0   0   -2.52435489671e-29   -2.52435489671e-29   3.56997693117e-29   
THIS IS FOR THE RUN FILE
9450   0   0   0   0   0   0   0   0   -1.26217744835e-29   0   1.26217744835e-29   
THIS IS FOR THE RUN FILE
9483   0   0   0   0   0   0   0   0   5.67979851759e-29   2.52435489671e-29   6.21550310473e-29   
THIS IS FOR THE RUN FILE
9515   0   0   0   0   1.04350244704e-32   3.19397278997e-32   0   0   1.89326617253e-29   0   1.89326617253e-29   
THIS IS FOR THE RUN FILE
9548   0   0   0   0   0   0   0   0   0   0   0   
THIS IS FOR THE RUN FILE
9580   0   0   0   0   0   0   0   0   5.67979851759e-29   5.04870979341e-29   7.59931455978e-29   
THIS IS FOR THE RUN FILE
9612   0   0   0   0   1.26609097199e-32   8.19618949596e-32   0   0   1.57772181044e-29   -5.04870979341e-29   5.2894873749e-29   
THIS IS FOR THE RUN FILE
9645   0   0   0   0   0   0   0   0   0   0   0   
THIS IS FOR THE RUN FILE
9677   0   0   0   0   0   0   0   0   -6.31088724177e-30   -1.00974195868e-28   1.01171218877e-28   
THIS IS FOR THE RUN FILE
9709   0   0   0   0   -1.26363605351e-30   2.12756922082e-30   0   0   -8.51969777639e-29   0   8.51969777639e-29   
THIS IS FOR THE RUN FILE
9742   0   0   0   0   0   0   0   0   6.94197596594e-29   2.52435489671e-29   7.38670413353e-29   
THIS IS FOR THE RUN FILE
9774   0   0   0   0   0   0   0   0   -5.04870979341e-29   -5.04870979341e-29   7.13995386233e-29   
THIS IS FOR THE RUN FILE
9806   0   0   0   0   1.06587287053e-29   2.78565069881e-29   0   0   2.52435489671e-29   0   2.52435489671e-29   
THIS IS FOR THE RUN FILE
9839   0   0   0   0   0   0   0   0   -1.26217744835e-29   5.04870979341e-29   5.20409093783e-29   
THIS IS FOR THE RUN FILE
9871   0   0   0   0   0   0   0   0   -3.78653234506e-29   5.04870979341e-29   6.31088724177e-29   
THIS IS FOR THE RUN FILE
9904   0   0   0   0   -2.95044311215e-30   4.97906131666e-29   0   0   -2.52435489671e-29   2.52435489671e-29   3.56997693117e-29   
THIS IS FOR THE RUN FILE
9936   0   0   0   0   0   0   0   0   5.04870979341e-29   2.52435489671e-29   5.64462914837e-29   
THIS IS FOR THE RUN FILE
9968   0   0   0   0   0   0   0   0   5.04870979341e-29   -1.00974195868e-28   1.12892582967e-28   
THIS IS FOR THE RUN FILE
10001   0   0   0   0   2.46392117918e-31   4.92816617822e-29   0   0   6.31088724177e-29   -5.04870979341e-29   8.08187901149e-29   
THIS IS FOR THE RUN FILE
10033   0   0   0   0   0   0   0   0   2.52435489671e-29   2.52435489671e-29   3.56997693117e-29   
THIS IS FOR THE RUN FILE
10065   0   0   0   0   0   0   0   0   0   0   0   
THIS IS FOR THE RUN FILE
10098   0   0   0   0   -6.08654671987e-30   2.5874574233e-29   0   0   -8.83524213848e-29   -7.57306469012e-29   1.16367010981e-28   
THIS IS FOR THE RUN FILE
10130   0   0   0   0   0   0   0   0   -2.52435489671e-29   -2.52435489671e-29   3.56997693117e-29   
THIS IS FOR THE RUN FILE
10162   0   0   0   0   0   0   0   0   6.31088724177e-30   -2.52435489671e-29   2.60204546892e-29   
THIS IS FOR THE RUN FILE
10195   0   0   0   0   1.56884814387e-30   6.40641256015e-30   0   0   1.26217744835e-29   5.04870979341e-29   5.20409093783e-29   
THIS IS FOR THE RUN FILE
10227   0   0   0   0   0   0   0   0   -2.52435489671e-29   2.52435489671e-29   3.56997693117e-29   
THIS IS FOR THE RUN FILE
10260   0   0   0   0   0   0   0   0   -6.31088724177e-29   -2.52435489671e-29   6.79703357523e-29   
THIS IS FOR THE RUN FILE
10292   0   0   0   0   9.77955419889e-33   2.97113145656e-32   0   0   -6.31088724177e-30   -2.52435489671e-29   2.60204546892e-29   
THIS IS FOR THE RUN FILE
10324   0   0   0   0   0   0   0   0   0   0   0   
THIS IS FOR THE RUN FILE
10357   0   0   0   0   0   0   0   0   0   0   0   
THIS IS FOR THE RUN FILE
10389   0   0   0   0   8.13441418489e-33   6.77145642905e-32   0   0   0   0   0   
THIS IS FOR THE RUN FILE
10421   0   0   0   0   0   0   0   0   3.15544362088e-29   0   3.15544362088e-29   
THIS IS FOR THE RUN FILE
10454   0   0   0   0   0   0   0   0   1.95637504495e-28   -7.57306469012e-29   2.09783612432e-28   
THIS IS FOR THE RUN FILE
10486   0   0   0   0   -9.45594910788e-31   4.05727383484e-30   0   0   0   2.52435489671e-29   2.52435489671e-29   
THIS IS FOR THE RUN FILE
10518   0   0   0   0   0   0   0   0   -1.89326617253e-29   -2.52435489671e-29   3.15544362088e-29   
THIS IS FOR THE RUN FILE
10551   0   0   0   0   0   0   0   0   8.83524213848e-29   5.04870979341e-29   1.01759999127e-28   
THIS IS FOR THE RUN FILE
10583   0   0   0   0   1.35221575955e-29   3.92974636076e-29   0   0   -6.31088724177e-30   5.04870979341e-29   5.08799995636e-29   
THIS IS FOR THE RUN FILE
10616   0   0   0   0   0   0   0   0   1.0728508311e-28   5.04870979341e-29   1.18570806338e-28   
THIS IS FOR THE RUN FILE
10648   0   0   0   0   0   0   0   0   1.00974195868e-28   -2.52435489671e-29   1.04081818757e-28   
THIS IS FOR THE RUN FILE
10680   0   0   0   0   -3.63748815599e-30   5.34411157318e-29   0   0   0   0   0   
THIS IS FOR THE RUN FILE
10713   0   0   0   0   0   0   0   0   -1.26217744835e-29   0   1.26217744835e-29   
THIS IS FOR THE RUN FILE
10745   0   0   0   0   0   0   0   0   -4.41762106924e-29   5.04870979341e-29   6.70856515877e-29   
THIS IS FOR THE RUN FILE
10777   0   0   0   0   -5.60799690557e-31   5.16814827899e-29   0   0   0   0   0   
THIS IS FOR THE RUN FILE
10810   0   0   0   0   0   0   0   0   0   -5.04870979341e-29   5.04870979341e-29   
THIS IS FOR THE RUN FILE
10842   0   0   0   0   0   0   0   0   -3.78653234506e-29   5.04870979341e-29   6.31088724177e-29   
THIS IS FOR THE RUN FILE
10875   0   0   0   0   -8.15080200698e-30   2.24860628119e-29   0   0   -5.04870979341e-29   -5.04870979341e-29   7.13995386233e-29   
THIS IS FOR THE RUN FILE
10907   0   0   0   0   0   0   0   0   9.46633086265e-29   0   9.46633086265e-29   
THIS IS FOR THE RUN FILE
10939   0   0   0   0   0   0   0   0   -1.26217744835e-29   0   1.26217744835e-29   
THIS IS FOR THE RUN FILE
10972   0   0   0   0   1.57978210565e-30   6.87742375967e-30   0   0   -7.57306469012e-29   0   7.57306469012e-29   
THIS IS FOR THE RUN FILE
11004   0   0   0   0   0   0   0   0   -1.89326617253e-29   -2.52435489671e-29   3.15544362088e-29   
THIS IS FOR THE RUN FILE
11036   0   0   0   0   0   0   0   0   1.26217744835e-29   -7.57306469012e-29   7.67752568943e-29   
THIS IS FOR THE RUN FILE
11069   0   0   0   0   8.43283324825e-33   2.87276010018e-32   0   0   -4.41762106924e-29   -2.52435489671e-29   5.08799995636e-29   
THIS IS FOR THE RUN FILE
11101   0   0   0   0   0   0   0   0   1.89326617253e-29   1.7670484277e-28   1.777161983e-28   
THIS IS FOR THE RUN FILE
11133   0   0   0   0   0   0   0   0   5.04870979341e-29   -7.57306469012e-29   9.10169101755e-29   
THIS IS FOR THE RUN FILE
11166   0   0   0   0   1.0727125116e-32   2.91131499878e-32   0   0   2.52435489671e-29   7.57306469012e-29   7.98271109619e-29   
THIS IS FOR THE RUN FILE
11198   0   0   0   0   0   0   0   0   2.52435489671e-29   1.00974195868e-28   1.04081818757e-28   
THIS IS FOR THE RUN FILE
11231   0   0   0   0   0   0   0   0   1.13595970352e-28   2.27191940704e-28   2.54008311677e-28   
THIS IS FOR THE RUN FILE
11263   0   0   0   0   -1.07890408498e-30   3.47943513227e-30   0   0   -1.00974195868e-28   -2.52435489671e-29   1.04081818757e-28   
THIS IS FOR THE RUN FILE
11295   0   0   0   0   0   0   0   0   7.57306469012e-29   1.26217744835e-28   1.47193919682e-28   
THIS IS FOR THE RUN FILE
11328   0   0   0   0   0   0   0   0   0   0   0   
THIS IS FOR THE RUN FILE
11360   0   0   0   0   1.3337911944e-29   4.36421136782e-29   0   0   2.52435489671e-29   2.52435489671e-29   3.56997693117e-29   
THIS IS FOR THE RUN FILE
11392   0   0   0   0   0   0   0   0   3.15544362088e-29   8.83524213848e-29   9.38180835927e-29   
THIS IS FOR THE RUN FILE
11425   0   0   0   0   0   0   0   0   1.13595970352e-28   -5.04870979341e-29   1.24310062095e-28   
THIS IS FOR THE RUN FILE
11457   0   0   0   0   -3.70103880898e-30   5.74095608651e-29   0   0   -5.67979851759e-29   -5.04870979341e-29   7.59931455978e-29   
THIS IS FOR THE RUN FILE
11489   0   0   0   0   0   0   0   0   -1.89326617253e-29   5.04870979341e-29   5.39202442299e-29   
THIS IS FOR THE RUN FILE
11522   0   0   0   0   0   0   0   0   0   0   0   
THIS IS FOR THE RUN FILE
11554   0   0   0   0   -5.5033167576e-31   5.49128214891e-29   0   0   1.89326617253e-29   5.04870979341e-29   5.39202442299e-29   
THIS IS FOR THE RUN FILE
11587   0   0   0   0   0   0   0   0   -6.31088724177e-30   -1.26217744835e-29   1.41115728709e-29   
THIS IS FOR THE RUN FILE
11619   0   0   0   0   0   0   0   0   9.46633086265e-29   0   9.46633086265e-29   
THIS IS FOR THE RUN FILE
11651   0   0   0   0   -8.10190041909e-30   2.2459284525e-29   0   0   -1.26217744835e-29   0   1.26217744835e-29   
THIS IS FOR THE RUN FILE
11684   0   0   0   0   0   0   0   0   1.26217744835e-28   -1.00974195868e-28   1.6163758023e-28   
THIS IS FOR THE RUN FILE
11716   0   0   0   0   0   0   0   0   9.46633086265e-29   -1.26217744835e-29   9.55010533514e-29   
THIS IS FOR THE RUN FILE
11748   0   0   0   0   1.57103640064e-30   6.69612124785e-30   0   0   0   0   0   
THIS IS FOR THE RUN FILE
11781   0   0   0   0   0   0   0   0   -5.04870979341e-29   0   5.04870979341e-29   
THIS IS FOR THE RUN FILE
11813   0   0   0   0   0   0   0   0   3.78653234506e-29   0   3.78653234506e-29   
THIS IS FOR THE RUN FILE
11845   0   0   0   0   9.43151581653e-33   3.09059878262e-32   0   0   -6.31088724177e-29   2.52435489671e-29   6.79703357523e-29   
THIS IS FOR THE RUN FILE
11878   0   0   0   0   0   0   0   0   -1.89326617253e-29   2.52435489671e-29   3.15544362088e-29   
THIS IS FOR THE RUN FILE
11910   0   0   0   0   0   0   0   0   0   5.04870979341e-29   5.04870979341e-29   
THIS IS FOR THE RUN FILE
11943   0   0   0   0   2.23250899243e-32   5.9640248898e-32   0   0   3.78653234506e-29   2.52435489671e-29   4.55084550877e-29   
THIS IS FOR THE RUN FILE
11975   0   0   0   0   0   0   0   0   -6.31088724177e-30   0   6.31088724177e-30   
THIS IS FOR THE RUN FILE
12007   0   0   0   0   0   0   0   0   -6.31088724177e-30   0   6.31088724177e-30   
THIS IS FOR THE RUN FILE
12040   0   0   0   0   -1.04456856085e-30   3.28005036556e-30   0   0   6.31088724177e-30   0   6.31088724177e-30   
THIS IS FOR THE RUN FILE
12072   0   0   0   0   0   0   0   0   5.67979851759e-29   -5.04870979341e-29   7.59931455978e-29   
THIS IS FOR THE RUN FILE
12104   0   0   0   0   0   0   0   0   -3.78653234506e-29   -2.52435489671e-29   4.55084550877e-29   
THIS IS FOR THE RUN FILE
12137   0   0   0   0   1.52547722813e-29   4.85243608144e-29   0   0   -5.04870979341e-29   2.52435489671e-29   5.64462914837e-29   
THIS IS FOR THE RUN FILE
12169   0   0   0   0   0   0   0   0   5.04870979341e-29   2.52435489671e-29   5.64462914837e-29   
THIS IS FOR THE RUN FILE
12202   0   0   0   0   0   0   0   0   -3.78653234506e-29   2.52435489671e-29   4.55084550877e-29   
THIS IS FOR THE RUN FILE
12234   0   0   0   0   -3.14739476071e-30   5.73112467266e-29   0   0   -2.52435489671e-29   -5.04870979341e-29   5.64462914837e-29   
THIS IS FOR THE RUN FILE
12266   0   0   0   0   0   0   0   0   -2.52435489671e-29   -2.52435489671e-29   3.56997693117e-29   
THIS IS FOR THE RUN FILE
12299   0   0   0   0   0   0   0   0   1.26217744835e-29   -2.52435489671e-29   2.82231457419e-29   
THIS IS FOR THE RUN FILE
12331   0   0   0   0   -1.69114380879e-31   5.45518016953e-29   0   0   0   0   0   
THIS IS FOR THE RUN FILE
12363   0   0   0   0   0   0   0   0   -5.04870979341e-29   5.04870979341e-29   7.13995386233e-29   
THIS IS FOR THE RUN FILE
12396   0   0   0   0   0   0   0   0   -7.57306469012e-29   5.04870979341e-29   9.10169101755e-29   
THIS IS FOR THE RUN FILE
12428   0   0   0   0   -8.82437858108e-30   1.94012605394e-29   0   0   -1.00974195868e-28   -6.31088724177e-29   1.19073582331e-28   
THIS IS FOR THE RUN FILE
12460   0   0   0   0   0   0   0   0   0   -5.04870979341e-29   5.04870979341e-29   
THIS IS FOR THE RUN FILE
12493   0   0   0   0   0   0   0   0   -2.52435489671e-29   1.26217744835e-29   2.82231457419e-29   
THIS IS FOR THE RUN FILE
12525   0   0   0   0   1.55673022256e-30   6.50222878319e-30   0   0   6.31088724177e-29   0   6.31088724177e-29   
THIS IS FOR THE RUN FILE
12558   0   0   0   0   0   0   0   0   -2.52435489671e-29   2.52435489671e-29   3.56997693117e-29   
THIS IS FOR THE RUN FILE
12590   0   0   0   0   0   0   0   0   -1.26217744835e-29   1.26217744835e-29   1.78498846558e-29   
THIS IS FOR THE RUN FILE
12622   0   0   0   0   8.01583867709e-33   2.27706101415e-32   0   0   -6.31088724177e-29   3.78653234506e-29   7.35969598411e-29   
THIS IS FOR THE RUN FILE
12655   0   0   0   0   0   0   0   0   3.78653234506e-29   -5.04870979341e-29   6.31088724177e-29   
THIS IS FOR THE RUN FILE
12687   0   0   0   0   0   0   0   0   -3.78653234506e-29   0   3.78653234506e-29   
THIS IS FOR THE RUN FILE
12719   0   0   0   0   2.66656005593e-32   7.28186345594e-32   0   0   -6.31088724177e-29   1.26217744835e-29   6.43586743877e-29   
THIS IS FOR THE RUN FILE
12752   0   0   0   0   0   0   0   0   2.52435489671e-29   -1.26217744835e-29   2.82231457419e-29   
THIS IS FOR THE RUN FILE
12784   0   0   0   0   0   0   0   0   2.52435489671e-29   5.04870979341e-29   5.64462914837e-29   
THIS IS FOR THE RUN FILE
12816   0   0   0   0   -6.58801527249e-31   5.94735409745e-30   0   0   0   -1.00974195868e-28   1.00974195868e-28   
THIS IS FOR THE RUN FILE
12849   0   0   0   0   0   0   0   0   0   7.57306469012e-29   7.57306469012e-29   
THIS IS FOR THE RUN FILE
12881   0   0   0   0   0   0   0   0   -7.57306469012e-29   1.26217744835e-29   7.67752568943e-29   
THIS IS FOR THE RUN FILE
12914   0   0   0   0   1.51808912737e-29   5.58927052851e-29   0   0   7.57306469012e-29   -3.78653234506e-29   8.46694372256e-29   
THIS IS FOR THE RUN FILE
12946   0   0   0   0   0   0   0   0   5.04870979341e-29   -1.89326617253e-28   1.95942632059e-28   
THIS IS FOR THE RUN FILE
12978   0   0   0   0   0   0   0   0   0   -2.52435489671e-29   2.52435489671e-29   
THIS IS FOR THE RUN FILE
13011   0   0   0   0   -3.32462194897e-30   6.31217879129e-29   0   0   -5.04870979341e-29   5.04870979341e-29   7.13995386233e-29   
THIS IS FOR THE RUN FILE
13043   0   0   0   0   0   0   0   0   -1.13595970352e-28   7.57306469012e-29   1.36525365263e-28   
THIS IS FOR THE RUN FILE
13075   0   0   0   0   0   0   0   0   2.52435489671e-29   -7.57306469012e-29   7.98271109619e-29   
THIS IS FOR THE RUN FILE
13108   0   0   0   0   -2.78473254712e-31   5.83506598029e-29   0   0   -2.52435489671e-29   1.26217744835e-29   2.82231457419e-29   
THIS IS FOR THE RUN FILE
13140   0   0   0   0   0   0   0   0   -1.26217744835e-29   0   1.26217744835e-29   
THIS IS FOR THE RUN FILE
13173   0   0   0   0   0   0   0   0   0   5.04870979341e-29   5.04870979341e-29   
THIS IS FOR THE RUN FILE
13205   0   0   0   0   -8.68869939106e-30   1.96912000621e-29   0   0   -3.78653234506e-29   -7.57306469012e-29   8.46694372256e-29   
THIS IS FOR THE RUN FILE
13237   0   0   0   0   0   0   0   0   5.04870979341e-29   2.52435489671e-29   5.64462914837e-29   
THIS IS FOR THE RUN FILE
13270   0   0   0   0   0   0   0   0   5.04870979341e-29   2.52435489671e-29   5.64462914837e-29   
THIS IS FOR THE RUN FILE
13302   0   0   0   0   1.72198511692e-30   6.88949404631e-30   0   0   0   0   0   
THIS IS FOR THE RUN FILE
13334   0   0   0   0   0   0   0   0   -2.52435489671e-29   -2.52435489671e-29   3.56997693117e-29   
THIS IS FOR THE RUN FILE
13367   0   0   0   0   0   0   0   0   0   0   0   
THIS IS FOR THE RUN FILE
13399   0   0   0   0   8.20358933556e-33   2.4952615511e-32   0   0   2.52435489671e-29   0   2.52435489671e-29   
THIS IS FOR THE RUN FILE
13431   0   0   0   0   0   0   0   0   -1.00974195868e-28   5.04870979341e-29   1.12892582967e-28   
THIS IS FOR THE RUN FILE
13464   0   0   0   0   0   0   0   0   0   -1.00974195868e-28   1.00974195868e-28   
THIS IS FOR THE RUN FILE
13496   0   0   0   0   1.99359531555e-32   4.56842298631e-32   0   0   0   2.52435489671e-29   2.52435489671e-29   
THIS IS FOR THE RUN FILE
13529   0   0   0   0   0   0   0   0   2.52435489671e-29   5.04870979341e-29   5.64462914837e-29   
THIS IS FOR THE RUN FILE
13561   0   0   0   0   0   0   0   0   -2.52435489671e-29   -2.52435489671e-29   3.56997693117e-29   
THIS IS FOR THE RUN FILE
13593   0   0   0   0   -4.2142670039e-31   7.30698148114e-30   0   0   -2.52435489671e-29   -5.04870979341e-29   5.64462914837e-29   
THIS IS FOR THE RUN FILE
13626   0   0   0   0   0   0   0   0   -5.04870979341e-29   1.89326617253e-28   1.95942632059e-28   
THIS IS FOR THE RUN FILE
13658   0   0   0   0   0   0   0   0   5.04870979341e-29   -1.26217744835e-29   5.20409093783e-29   
THIS IS FOR THE RUN FILE
13690   0   0   0   0   1.84098653751e-29   6.44960934747e-29   0   0   1.64083068286e-28   8.83524213848e-29   1.86358266956e-28   
THIS IS FOR THE RUN FILE
13723   0   0   0   0   0   0   0   0   -2.52435489671e-29   -1.26217744835e-29   2.82231457419e-29   
THIS IS FOR THE RUN FILE
13755   0   0   0   0   0   0   0   0   5.04870979341e-29   -1.13595970352e-28   1.24310062095e-28   
THIS IS FOR THE RUN FILE
13787   0   0   0   0   -2.77271811358e-30   6.38107845085e-29   0   0   0   2.52435489671e-29   2.52435489671e-29   
THIS IS FOR THE RUN FILE
13820   0   0   0   0   0   0   0   0   -1.00974195868e-28   5.04870979341e-29   1.12892582967e-28   
THIS IS FOR THE RUN FILE
13852   0   0   0   0   0   0   0   0   0   5.04870979341e-29   5.04870979341e-29   
THIS IS FOR THE RUN FILE
13885   0   0   0   0   1.00210773196e-31   5.8525569955e-29   0   0   2.52435489671e-29   5.04870979341e-29   5.64462914837e-29   
THIS IS FOR THE RUN FILE
13917   0   0   0   0   0   0   0   0   0   0   0   
THIS IS FOR THE RUN FILE
13949   0   0   0   0   0   0   0   0   0   6.31088724177e-30   6.31088724177e-30   
THIS IS FOR THE RUN FILE
13982   0   0   0   0   -1.00263934832e-29   1.5793320074e-29   0   0   7.57306469012e-29   3.78653234506e-29   8.46694372256e-29   
THIS IS FOR THE RUN FILE
14014   0   0   0   0   0   0   0   0   0   -6.31088724177e-30   6.31088724177e-30   
THIS IS FOR THE RUN FILE
14046   0   0   0   0   0   0   0   0   0   0   0   
THIS IS FOR THE RUN FILE
14079   0   0   0   0   1.81300812922e-30   7.28041695362e-30   0   0   0   1.26217744835e-29   1.26217744835e-29   
THIS IS FOR THE RUN FILE
14111   0   0   0   0   0   0   0   0   -2.52435489671e-29   5.04870979341e-29   5.64462914837e-29   
THIS IS FOR THE RUN FILE
14143   0   0   0   0   0   0   0   0   -1.26217744835e-29   0   1.26217744835e-29   
THIS IS FOR THE RUN FILE
14176   0   0   0   0   8.72405704505e-33   2.64989638557e-32   0   0   1.00974195868e-28   -1.26217744835e-29   1.01759999127e-28   
THIS IS FOR THE RUN FILE
14208   0   0   0   0   0   0   0   0   -5.04870979341e-29   0   5.04870979341e-29   
THIS IS FOR THE RUN FILE
14241   0   0   0   0   0   0   0   0   0   -3.78653234506e-29   3.78653234506e-29   
THIS IS FOR THE RUN FILE
14273   0   0   0   0   2.12692115924e-32   4.7774589875e-32   0   0   -5.04870979341e-29   0   5.04870979341e-29   
THIS IS FOR THE RUN FILE
14305   0   0   0   0   0   0   0   0   -1.00974195868e-28   5.04870979341e-29   1.12892582967e-28   
THIS IS FOR THE RUN FILE
14338   0   0   0   0   0   0   0   0   0   -1.00974195868e-28   1.00974195868e-28   
THIS IS FOR THE RUN FILE
14370   0   0   0   0   -2.25490728289e-31   8.62928787897e-30   0   0   7.57306469012e-29   -1.26217744835e-29   7.67752568943e-29   
THIS IS FOR THE RUN FILE
14402   0   0   0   0   0   0   0   0   0   0   0   
THIS IS FOR THE RUN FILE
14435   0   0   0   0   0   0   0   0   -2.52435489671e-29   -1.00974195868e-28   1.04081818757e-28   
THIS IS FOR THE RUN FILE
14467   0   0   0   0   1.81981216553e-29   6.87281026843e-29   0   0   2.52435489671e-29   -6.31088724177e-29   6.79703357523e-29   
THIS IS FOR THE RUN FILE
14500   0   0   0   0   0   0   0   0   -3.78653234506e-29   -2.52435489671e-29   4.55084550877e-29   
THIS IS FOR THE RUN FILE
14532   0   0   0   0   0   0   0   0   -5.04870979341e-29   -6.31088724177e-30   5.08799995636e-29   
THIS IS FOR THE RUN FILE
14564   0   0   0   0   -3.35565407276e-30   6.18587211118e-29   0   0   0   0   0   
THIS IS FOR THE RUN FILE
14597   0   0   0   0   0   0   0   0   -2.52435489671e-29   8.83524213848e-29   9.18879052379e-29   
THIS IS FOR THE RUN FILE
14629   0   0   0   0   0   0   0   0   -3.78653234506e-29   4.41762106924e-29   5.81835054904e-29   
THIS IS FOR THE RUN FILE
14661   0   0   0   0   -7.63163656229e-31   5.54629679057e-29   0   0   1.26217744835e-29   2.52435489671e-29   2.82231457419e-29   
THIS IS FOR THE RUN FILE
14694   0   0   0   0   0   0   0   0   0   2.52435489671e-29   2.52435489671e-29   
THIS IS FOR THE RUN FILE
14726   0   0   0   0   0   0   0   0   -4.41762106924e-29   6.94197596594e-29   8.2283902571e-29   
THIS IS FOR THE RUN FILE
14758   0   0   0   0   -1.05260474685e-29   1.16089601026e-29   0   0   2.52435489671e-29   0   2.52435489671e-29   
THIS IS FOR THE RUN FILE
14791   0   0   0   0   0   0   0   0   2.52435489671e-29   -1.00974195868e-28   1.04081818757e-28   
THIS IS FOR THE RUN FILE
14823   0   0   0   0   0   0   0   0   0   0   0   
THIS IS FOR THE RUN FILE
14856   0   0   0   0   1.62774556677e-30   6.87782777208e-30   0   0   0   0   0   
THIS IS FOR THE RUN FILE
14888   0   0   0   0   0   0   0   0   0   0   0   
THIS IS FOR THE RUN FILE
14920   0   0   0   0   0   0   0   0   1.26217744835e-29   0   1.26217744835e-29   
THIS IS FOR THE RUN FILE
14953   0   0   0   0   9.00519655992e-33   2.78273566729e-32   0   0   -1.26217744835e-29   -1.26217744835e-29   1.78498846558e-29   
THIS IS FOR THE RUN FILE
14985   0   0   0   0   0   0   0   0   7.57306469012e-29   -2.52435489671e-29   7.98271109619e-29   
THIS IS FOR THE RUN FILE
15017   0   0   0   0   0   0   0   0   -6.31088724177e-29   -2.52435489671e-29   6.79703357523e-29   
THIS IS FOR THE RUN FILE
15050   0   0   0   0   2.07048438881e-32   4.27553193781e-32   0   0   -5.04870979341e-29   -3.78653234506e-29   6.31088724177e-29   
THIS IS FOR THE RUN FILE
15082   0   0   0   0   0   0   0   0   5.04870979341e-29   3.78653234506e-29   6.31088724177e-29   
THIS IS FOR THE RUN FILE
15114   0   0   0   0   0   0   0   0   0   6.31088724177e-29   6.31088724177e-29   
THIS IS FOR THE RUN FILE
15147   0   0   0   0   -4.59542513428e-31   7.25672642484e-30   0   0   -1.00974195868e-28   3.78653234506e-29   1.0784048846e-28   
THIS IS FOR THE RUN FILE
15179   0   0   0   0   0   0   0   0   5.04870979341e-29   -2.52435489671e-29   5.64462914837e-29   
THIS IS FOR THE RUN FILE
15212   0   0   0   0   0   0   0   0   0   0   0   
THIS IS FOR THE RUN FILE
15244   0   0   0   0   1.85297524216e-29   7.12953425869e-29   0   0   1.26217744835e-29   0   1.26217744835e-29   
THIS IS FOR THE RUN FILE
15276   0   0   0   0   0   0   0   0   1.00974195868e-28   -2.52435489671e-29   1.04081818757e-28   
THIS IS FOR THE RUN FILE
15309   0   0   0   0   0   0   0   0   -5.04870979341e-29   -2.52435489671e-29   5.64462914837e-29   
THIS IS FOR THE RUN FILE
15341   0   0   0   0   -3.36484009604e-30   5.50215945304e-29   0   0   0   0   0   
THIS IS FOR THE RUN FILE
15373   0   0   0   0   0   0   0   0   -5.04870979341e-29   -2.52435489671e-29   5.64462914837e-29   
THIS IS FOR THE RUN FILE
15406   0   0   0   0   0   0   0   0   0   0   0   
THIS IS FOR THE RUN FILE
15438   0   0   0   0   -1.97434401061e-31   5.17183306303e-29   0   0   -2.52435489671e-29   -1.26217744835e-29   2.82231457419e-29   
THIS IS FOR THE RUN FILE
15471   0   0   0   0   0   0   0   0   -7.57306469012e-29   5.04870979341e-29   9.10169101755e-29   
THIS IS FOR THE RUN FILE
15503   0   0   0   0   0   0   0   0   5.04870979341e-29   1.26217744835e-28   1.35940671505e-28   
THIS IS FOR THE RUN FILE
15535   0   0   0   0   -1.03420987546e-29   6.61369727048e-30   0   0   0   0   0   
THIS IS FOR THE RUN FILE
15568   0   0   0   0   0   0   0   0   -5.04870979341e-29   0   5.04870979341e-29   
THIS IS FOR THE RUN FILE
15600   0   0   0   0   0   0   0   0   5.04870979341e-29   0   5.04870979341e-29   
THIS IS FOR THE RUN FILE
15632   0   0   0   0   1.93556322279e-30   7.7611438815e-30   0   0   2.52435489671e-29   0   2.52435489671e-29   
THIS IS FOR THE RUN FILE
15665   0   0   0   0   0   0   0   0   -7.57306469012e-29   3.78653234506e-29   8.46694372256e-29   
THIS IS FOR THE RUN FILE
15697   0   0   0   0   0   0   0   0   5.04870979341e-29   -8.83524213848e-29   1.01759999127e-28   
THIS IS FOR THE RUN FILE
15729   0   0   0   0   9.41989324284e-33   2.94687183701e-32   0   0   0   0   0   
THIS IS FOR THE RUN FILE
15762   0   0   0   0   0   0   0   0   -2.52435489671e-29   -1.26217744835e-29   2.82231457419e-29   
THIS IS FOR THE RUN FILE
15794   0   0   0   0   0   0   0   0   7.57306469012e-29   -3.78653234506e-29   8.46694372256e-29   
THIS IS FOR THE RUN FILE
15827   0   0   0   0   -3.7704146266e-32   -2.93756896046e-31   0   0   -5.04870979341e-29   7.57306469012e-29   9.10169101755e-29   
THIS IS FOR THE RUN FILE
15859   0   0   0   0   0   0   0   0   -2.52435489671e-29   5.67979851759e-29   6.21550310473e-29   
THIS IS FOR THE RUN FILE
15891   0   0   0   0   0   0   0   0   0   1.89326617253e-29   1.89326617253e-29   
THIS IS FOR THE RUN FILE
15924   0   0   0   0   -6.19792659655e-31   6.80870258615e-30   0   0   -2.52435489671e-29   -1.19906857594e-28   1.22535265383e-28   
THIS IS FOR THE RUN FILE
15956   0   0   0   0   0   0   0   0   2.52435489671e-29   1.89326617253e-29   3.15544362088e-29   
THIS IS FOR THE RUN FILE
15988   0   0   0   0   0   0   0   0   -5.04870979341e-29   -1.26217744835e-29   5.20409093783e-29   
THIS IS FOR THE RUN FILE
16021   0   0   0   0   1.8933179099e-29   7.81877721708e-29   0   0   0   0   0   
THIS IS FOR THE RUN FILE
16053   0   0   0   0   0   0   0   0   5.04870979341e-29   -6.31088724177e-29   8.08187901149e-29   
THIS IS FOR THE RUN FILE
16085   0   0   0   0   0   0   0   0   0   -1.26217744835e-29   1.26217744835e-29   
THIS IS FOR THE RUN FILE
16118   0   0   0   0   -3.90330561304e-30   3.95842859029e-29   0   0   -2.52435489671e-29   -2.52435489671e-29   3.56997693117e-29   
THIS IS FOR THE RUN FILE
16150   0   0   0   0   0   0   0   0   -2.52435489671e-29   -8.83524213848e-29   9.18879052379e-29   
